{"/govuk/manuals-frontend/app/assets/javascripts.bak/modules/collapsible.js":{"path":"/govuk/manuals-frontend/app/assets/javascripts.bak/modules/collapsible.js","s":{"1":1,"2":1,"3":1,"4":94,"5":94,"6":94,"7":94,"8":94,"9":94,"10":1,"11":0,"12":0,"13":1,"14":117,"15":117,"16":0,"17":1,"18":0,"19":0,"20":1,"21":94,"22":94,"23":1,"24":2,"25":1,"26":107,"27":1,"28":24,"29":1,"30":28,"31":1},"b":{"1":[1,0],"2":[117,0],"3":[0,0],"4":[0,0]},"f":{"1":1,"2":94,"3":0,"4":117,"5":0,"6":94,"7":2,"8":107,"9":24,"10":28},"fnMap":{"1":{"name":"(anonymous_1)","line":1,"loc":{"start":{"line":1,"column":1},"end":{"line":1,"column":12}}},"2":{"name":"Collapsible","line":5,"loc":{"start":{"line":5,"column":2},"end":{"line":5,"column":31}}},"3":{"name":"handleClick","line":15,"loc":{"start":{"line":15,"column":38},"end":{"line":15,"column":60}}},"4":{"name":"updateAriaAttribute","line":20,"loc":{"start":{"line":20,"column":46},"end":{"line":20,"column":90}}},"5":{"name":"showSectionWhenLinkFocused","line":28,"loc":{"start":{"line":28,"column":53},"end":{"line":28,"column":91}}},"6":{"name":"addToggle","line":34,"loc":{"start":{"line":34,"column":36},"end":{"line":34,"column":56}}},"7":{"name":"toggle","line":39,"loc":{"start":{"line":39,"column":33},"end":{"line":39,"column":50}}},"8":{"name":"close","line":43,"loc":{"start":{"line":43,"column":32},"end":{"line":43,"column":48}}},"9":{"name":"open","line":47,"loc":{"start":{"line":47,"column":31},"end":{"line":47,"column":46}}},"10":{"name":"isClosed","line":51,"loc":{"start":{"line":51,"column":35},"end":{"line":51,"column":54}}}},"statementMap":{"1":{"start":{"line":1,"column":0},"end":{"line":56,"column":5}},"2":{"start":{"line":3,"column":2},"end":{"line":3,"column":36}},"3":{"start":{"line":5,"column":2},"end":{"line":13,"column":3}},"4":{"start":{"line":6,"column":4},"end":{"line":6,"column":28}},"5":{"start":{"line":7,"column":4},"end":{"line":7,"column":67}},"6":{"start":{"line":8,"column":4},"end":{"line":8,"column":63}},"7":{"start":{"line":10,"column":4},"end":{"line":10,"column":63}},"8":{"start":{"line":11,"column":4},"end":{"line":11,"column":21}},"9":{"start":{"line":12,"column":4},"end":{"line":12,"column":99}},"10":{"start":{"line":15,"column":2},"end":{"line":18,"column":4}},"11":{"start":{"line":16,"column":4},"end":{"line":16,"column":17}},"12":{"start":{"line":17,"column":4},"end":{"line":17,"column":42}},"13":{"start":{"line":20,"column":2},"end":{"line":26,"column":4}},"14":{"start":{"line":21,"column":4},"end":{"line":25,"column":5}},"15":{"start":{"line":22,"column":6},"end":{"line":22,"column":51}},"16":{"start":{"line":24,"column":6},"end":{"line":24,"column":154}},"17":{"start":{"line":28,"column":2},"end":{"line":32,"column":4}},"18":{"start":{"line":29,"column":4},"end":{"line":31,"column":5}},"19":{"start":{"line":30,"column":6},"end":{"line":30,"column":42}},"20":{"start":{"line":34,"column":2},"end":{"line":37,"column":4}},"21":{"start":{"line":35,"column":4},"end":{"line":35,"column":78}},"22":{"start":{"line":36,"column":4},"end":{"line":36,"column":42}},"23":{"start":{"line":39,"column":2},"end":{"line":41,"column":4}},"24":{"start":{"line":40,"column":4},"end":{"line":40,"column":40}},"25":{"start":{"line":43,"column":2},"end":{"line":45,"column":4}},"26":{"start":{"line":44,"column":4},"end":{"line":44,"column":37}},"27":{"start":{"line":47,"column":2},"end":{"line":49,"column":4}},"28":{"start":{"line":48,"column":4},"end":{"line":48,"column":40}},"29":{"start":{"line":51,"column":2},"end":{"line":53,"column":4}},"30":{"start":{"line":52,"column":4},"end":{"line":52,"column":44}},"31":{"start":{"line":55,"column":2},"end":{"line":55,"column":34}}},"branchMap":{"1":{"line":3,"type":"binary-expr","locations":[{"start":{"line":3,"column":17},"end":{"line":3,"column":29}},{"start":{"line":3,"column":33},"end":{"line":3,"column":35}}]},"2":{"line":21,"type":"if","locations":[{"start":{"line":21,"column":4},"end":{"line":21,"column":4}},{"start":{"line":21,"column":4},"end":{"line":21,"column":4}}]},"3":{"line":24,"type":"cond-expr","locations":[{"start":{"line":24,"column":59},"end":{"line":24,"column":104}},{"start":{"line":24,"column":107},"end":{"line":24,"column":153}}]},"4":{"line":29,"type":"if","locations":[{"start":{"line":29,"column":4},"end":{"line":29,"column":4}},{"start":{"line":29,"column":4},"end":{"line":29,"column":4}}]}}},"/govuk/manuals-frontend/app/assets/javascripts.bak/modules/collapsible_collection.js":{"path":"/govuk/manuals-frontend/app/assets/javascripts.bak/modules/collapsible_collection.js","s":{"1":1,"2":1,"3":1,"4":29,"5":29,"6":29,"7":29,"8":29,"9":29,"10":29,"11":29,"12":29,"13":29,"14":29,"15":29,"16":29,"17":29,"18":29,"19":29,"20":29,"21":1,"22":29,"23":29,"24":1,"25":1,"26":1,"27":88,"28":88,"29":88,"30":88,"31":1,"32":88,"33":88,"34":1,"35":0,"36":1,"37":29,"38":29,"39":87,"40":87,"41":29,"42":87,"43":87,"44":87,"45":87,"46":87,"47":87,"48":1,"49":31,"50":31,"51":31,"52":63,"53":63,"54":31,"55":31,"56":1,"57":34,"58":102,"59":102,"60":34,"61":34,"62":1,"63":5,"64":15,"65":15,"66":5,"67":5,"68":1,"69":29,"70":29,"71":29,"72":29,"73":29,"74":29,"75":0,"76":29,"77":29,"78":29,"79":1,"80":5,"81":5,"82":5,"83":1,"84":1,"85":4,"86":2,"87":2,"88":2,"89":2,"90":1,"91":36,"92":1,"93":40,"94":1,"95":5,"96":5,"97":4,"98":1,"99":3,"100":3,"101":8,"102":2,"103":2,"104":3,"105":1,"106":2,"107":2,"108":2,"109":2,"110":2,"111":2,"112":2,"113":1},"b":{"1":[1,0],"2":[29,0],"3":[29,0],"4":[1,28],"5":[1,0],"6":[1,87],"7":[87,0],"8":[0,29],"9":[1,4],"10":[2,2],"11":[5,3],"12":[4,1],"13":[2,6],"14":[2,0]},"f":{"1":1,"2":29,"3":1,"4":88,"5":0,"6":29,"7":87,"8":87,"9":31,"10":34,"11":5,"12":29,"13":5,"14":36,"15":40,"16":5,"17":3,"18":8,"19":2,"20":2},"fnMap":{"1":{"name":"(anonymous_1)","line":1,"loc":{"start":{"line":1,"column":1},"end":{"line":1,"column":12}}},"2":{"name":"CollapsibleCollection","line":5,"loc":{"start":{"line":5,"column":2},"end":{"line":5,"column":41}}},"3":{"name":"(anonymous_3)","line":34,"loc":{"start":{"line":34,"column":61},"end":{"line":34,"column":76}}},"4":{"name":"initCollapsible","line":42,"loc":{"start":{"line":42,"column":52},"end":{"line":42,"column":90}}},"5":{"name":"expandFootnotes","line":55,"loc":{"start":{"line":55,"column":52},"end":{"line":55,"column":78}}},"6":{"name":"markupSections","line":59,"loc":{"start":{"line":59,"column":51},"end":{"line":59,"column":76}}},"7":{"name":"(anonymous_7)","line":66,"loc":{"start":{"line":66,"column":27},"end":{"line":66,"column":38}}},"8":{"name":"(anonymous_8)","line":71,"loc":{"start":{"line":71,"column":27},"end":{"line":71,"column":46}}},"9":{"name":"calculateSuperiorsSelector","line":85,"loc":{"start":{"line":85,"column":63},"end":{"line":85,"column":105}}},"10":{"name":"closeAll","line":99,"loc":{"start":{"line":99,"column":45},"end":{"line":99,"column":64}}},"11":{"name":"openAll","line":109,"loc":{"start":{"line":109,"column":44},"end":{"line":109,"column":62}}},"12":{"name":"addControls","line":119,"loc":{"start":{"line":119,"column":48},"end":{"line":119,"column":70}}},"13":{"name":"updateControls","line":136,"loc":{"start":{"line":136,"column":51},"end":{"line":136,"column":76}}},"14":{"name":"disableControl","line":157,"loc":{"start":{"line":157,"column":51},"end":{"line":157,"column":83}}},"15":{"name":"enableControl","line":161,"loc":{"start":{"line":161,"column":50},"end":{"line":161,"column":81}}},"16":{"name":"openCollapsibleForAnchor","line":165,"loc":{"start":{"line":165,"column":61},"end":{"line":165,"column":102}}},"17":{"name":"getCollapsibleFromSection","line":172,"loc":{"start":{"line":172,"column":62},"end":{"line":172,"column":104}}},"18":{"name":"(anonymous_18)","line":174,"loc":{"start":{"line":174,"column":30},"end":{"line":174,"column":59}}},"19":{"name":"getCollapsibleFromAnchorInSection","line":183,"loc":{"start":{"line":183,"column":70},"end":{"line":183,"column":120}}},"20":{"name":"(anonymous_20)","line":187,"loc":{"start":{"line":187,"column":30},"end":{"line":187,"column":59}}}},"statementMap":{"1":{"start":{"line":1,"column":0},"end":{"line":197,"column":5}},"2":{"start":{"line":3,"column":2},"end":{"line":3,"column":36}},"3":{"start":{"line":5,"column":2},"end":{"line":40,"column":3}},"4":{"start":{"line":6,"column":4},"end":{"line":6,"column":27}},"5":{"start":{"line":8,"column":4},"end":{"line":8,"column":34}},"6":{"start":{"line":9,"column":4},"end":{"line":9,"column":55}},"7":{"start":{"line":10,"column":4},"end":{"line":12,"column":5}},"8":{"start":{"line":11,"column":6},"end":{"line":11,"column":16}},"9":{"start":{"line":14,"column":4},"end":{"line":14,"column":42}},"10":{"start":{"line":15,"column":4},"end":{"line":15,"column":68}},"11":{"start":{"line":16,"column":4},"end":{"line":16,"column":26}},"12":{"start":{"line":17,"column":4},"end":{"line":17,"column":58}},"13":{"start":{"line":19,"column":4},"end":{"line":39,"column":5}},"14":{"start":{"line":20,"column":6},"end":{"line":20,"column":59}},"15":{"start":{"line":21,"column":6},"end":{"line":21,"column":53}},"16":{"start":{"line":22,"column":6},"end":{"line":22,"column":55}},"17":{"start":{"line":23,"column":6},"end":{"line":23,"column":25}},"18":{"start":{"line":25,"column":6},"end":{"line":25,"column":22}},"19":{"start":{"line":27,"column":6},"end":{"line":27,"column":51}},"20":{"start":{"line":28,"column":6},"end":{"line":30,"column":7}},"21":{"start":{"line":29,"column":8},"end":{"line":29,"column":46}},"22":{"start":{"line":32,"column":6},"end":{"line":32,"column":88}},"23":{"start":{"line":34,"column":6},"end":{"line":38,"column":20}},"24":{"start":{"line":35,"column":8},"end":{"line":37,"column":9}},"25":{"start":{"line":36,"column":10},"end":{"line":36,"column":66}},"26":{"start":{"line":42,"column":2},"end":{"line":53,"column":4}},"27":{"start":{"line":43,"column":4},"end":{"line":43,"column":51}},"28":{"start":{"line":44,"column":4},"end":{"line":44,"column":54}},"29":{"start":{"line":45,"column":4},"end":{"line":45,"column":77}},"30":{"start":{"line":47,"column":4},"end":{"line":49,"column":5}},"31":{"start":{"line":48,"column":6},"end":{"line":48,"column":31}},"32":{"start":{"line":51,"column":4},"end":{"line":51,"column":57}},"33":{"start":{"line":52,"column":4},"end":{"line":52,"column":47}},"34":{"start":{"line":55,"column":2},"end":{"line":57,"column":4}},"35":{"start":{"line":56,"column":4},"end":{"line":56,"column":39}},"36":{"start":{"line":59,"column":2},"end":{"line":83,"column":4}},"37":{"start":{"line":65,"column":4},"end":{"line":65,"column":72}},"38":{"start":{"line":66,"column":4},"end":{"line":69,"column":7}},"39":{"start":{"line":67,"column":6},"end":{"line":67,"column":28}},"40":{"start":{"line":68,"column":6},"end":{"line":68,"column":125}},"41":{"start":{"line":71,"column":4},"end":{"line":82,"column":18}},"42":{"start":{"line":72,"column":6},"end":{"line":73,"column":54}},"43":{"start":{"line":75,"column":6},"end":{"line":77,"column":7}},"44":{"start":{"line":76,"column":8},"end":{"line":76,"column":59}},"45":{"start":{"line":79,"column":6},"end":{"line":79,"column":79}},"46":{"start":{"line":80,"column":6},"end":{"line":80,"column":74}},"47":{"start":{"line":81,"column":6},"end":{"line":81,"column":92}},"48":{"start":{"line":85,"column":2},"end":{"line":97,"column":4}},"49":{"start":{"line":88,"column":4},"end":{"line":88,"column":22}},"50":{"start":{"line":89,"column":4},"end":{"line":89,"column":25}},"51":{"start":{"line":91,"column":4},"end":{"line":94,"column":5}},"52":{"start":{"line":92,"column":6},"end":{"line":92,"column":33}},"53":{"start":{"line":93,"column":6},"end":{"line":93,"column":22}},"54":{"start":{"line":95,"column":4},"end":{"line":95,"column":36}},"55":{"start":{"line":96,"column":4},"end":{"line":96,"column":20}},"56":{"start":{"line":99,"column":2},"end":{"line":107,"column":4}},"57":{"start":{"line":100,"column":4},"end":{"line":103,"column":5}},"58":{"start":{"line":101,"column":6},"end":{"line":101,"column":41}},"59":{"start":{"line":102,"column":6},"end":{"line":102,"column":98}},"60":{"start":{"line":105,"column":4},"end":{"line":105,"column":40}},"61":{"start":{"line":106,"column":4},"end":{"line":106,"column":38}},"62":{"start":{"line":109,"column":2},"end":{"line":117,"column":4}},"63":{"start":{"line":110,"column":4},"end":{"line":113,"column":5}},"64":{"start":{"line":111,"column":6},"end":{"line":111,"column":40}},"65":{"start":{"line":112,"column":6},"end":{"line":112,"column":97}},"66":{"start":{"line":115,"column":4},"end":{"line":115,"column":39}},"67":{"start":{"line":116,"column":4},"end":{"line":116,"column":39}},"68":{"start":{"line":119,"column":2},"end":{"line":134,"column":4}},"69":{"start":{"line":120,"column":4},"end":{"line":120,"column":77}},"70":{"start":{"line":121,"column":4},"end":{"line":121,"column":74}},"71":{"start":{"line":122,"column":4},"end":{"line":122,"column":62}},"72":{"start":{"line":123,"column":4},"end":{"line":123,"column":56}},"73":{"start":{"line":126,"column":4},"end":{"line":126,"column":59}},"74":{"start":{"line":127,"column":4},"end":{"line":129,"column":5}},"75":{"start":{"line":128,"column":6},"end":{"line":128,"column":46}},"76":{"start":{"line":131,"column":4},"end":{"line":131,"column":53}},"77":{"start":{"line":132,"column":4},"end":{"line":132,"column":55}},"78":{"start":{"line":133,"column":4},"end":{"line":133,"column":57}},"79":{"start":{"line":136,"column":2},"end":{"line":155,"column":4}},"80":{"start":{"line":138,"column":4},"end":{"line":138,"column":45}},"81":{"start":{"line":139,"column":4},"end":{"line":139,"column":61}},"82":{"start":{"line":141,"column":4},"end":{"line":154,"column":5}},"83":{"start":{"line":143,"column":6},"end":{"line":143,"column":41}},"84":{"start":{"line":144,"column":6},"end":{"line":144,"column":41}},"85":{"start":{"line":146,"column":11},"end":{"line":154,"column":5}},"86":{"start":{"line":148,"column":6},"end":{"line":148,"column":42}},"87":{"start":{"line":149,"column":6},"end":{"line":149,"column":40}},"88":{"start":{"line":152,"column":6},"end":{"line":152,"column":40}},"89":{"start":{"line":153,"column":6},"end":{"line":153,"column":41}},"90":{"start":{"line":157,"column":2},"end":{"line":159,"column":4}},"91":{"start":{"line":158,"column":4},"end":{"line":158,"column":62}},"92":{"start":{"line":161,"column":2},"end":{"line":163,"column":4}},"93":{"start":{"line":162,"column":4},"end":{"line":162,"column":59}},"94":{"start":{"line":165,"column":2},"end":{"line":170,"column":4}},"95":{"start":{"line":166,"column":4},"end":{"line":166,"column":111}},"96":{"start":{"line":167,"column":4},"end":{"line":169,"column":5}},"97":{"start":{"line":168,"column":6},"end":{"line":168,"column":25}},"98":{"start":{"line":172,"column":2},"end":{"line":181,"column":4}},"99":{"start":{"line":173,"column":4},"end":{"line":173,"column":27}},"100":{"start":{"line":174,"column":4},"end":{"line":179,"column":7}},"101":{"start":{"line":175,"column":6},"end":{"line":178,"column":7}},"102":{"start":{"line":176,"column":8},"end":{"line":176,"column":35}},"103":{"start":{"line":177,"column":8},"end":{"line":177,"column":21}},"104":{"start":{"line":180,"column":4},"end":{"line":180,"column":23}},"105":{"start":{"line":183,"column":2},"end":{"line":194,"column":4}},"106":{"start":{"line":184,"column":4},"end":{"line":184,"column":55}},"107":{"start":{"line":186,"column":4},"end":{"line":186,"column":27}},"108":{"start":{"line":187,"column":4},"end":{"line":192,"column":7}},"109":{"start":{"line":188,"column":6},"end":{"line":191,"column":7}},"110":{"start":{"line":189,"column":8},"end":{"line":189,"column":35}},"111":{"start":{"line":190,"column":8},"end":{"line":190,"column":21}},"112":{"start":{"line":193,"column":4},"end":{"line":193,"column":23}},"113":{"start":{"line":196,"column":2},"end":{"line":196,"column":54}}},"branchMap":{"1":{"line":3,"type":"binary-expr","locations":[{"start":{"line":3,"column":17},"end":{"line":3,"column":29}},{"start":{"line":3,"column":33},"end":{"line":3,"column":35}}]},"2":{"line":10,"type":"if","locations":[{"start":{"line":10,"column":4},"end":{"line":10,"column":4}},{"start":{"line":10,"column":4},"end":{"line":10,"column":4}}]},"3":{"line":19,"type":"if","locations":[{"start":{"line":19,"column":4},"end":{"line":19,"column":4}},{"start":{"line":19,"column":4},"end":{"line":19,"column":4}}]},"4":{"line":28,"type":"if","locations":[{"start":{"line":28,"column":6},"end":{"line":28,"column":6}},{"start":{"line":28,"column":6},"end":{"line":28,"column":6}}]},"5":{"line":35,"type":"if","locations":[{"start":{"line":35,"column":8},"end":{"line":35,"column":8}},{"start":{"line":35,"column":8},"end":{"line":35,"column":8}}]},"6":{"line":47,"type":"if","locations":[{"start":{"line":47,"column":4},"end":{"line":47,"column":4}},{"start":{"line":47,"column":4},"end":{"line":47,"column":4}}]},"7":{"line":75,"type":"if","locations":[{"start":{"line":75,"column":6},"end":{"line":75,"column":6}},{"start":{"line":75,"column":6},"end":{"line":75,"column":6}}]},"8":{"line":127,"type":"if","locations":[{"start":{"line":127,"column":4},"end":{"line":127,"column":4}},{"start":{"line":127,"column":4},"end":{"line":127,"column":4}}]},"9":{"line":141,"type":"if","locations":[{"start":{"line":141,"column":4},"end":{"line":141,"column":4}},{"start":{"line":141,"column":4},"end":{"line":141,"column":4}}]},"10":{"line":146,"type":"if","locations":[{"start":{"line":146,"column":11},"end":{"line":146,"column":11}},{"start":{"line":146,"column":11},"end":{"line":146,"column":11}}]},"11":{"line":166,"type":"binary-expr","locations":[{"start":{"line":166,"column":22},"end":{"line":166,"column":60}},{"start":{"line":166,"column":64},"end":{"line":166,"column":110}}]},"12":{"line":167,"type":"if","locations":[{"start":{"line":167,"column":4},"end":{"line":167,"column":4}},{"start":{"line":167,"column":4},"end":{"line":167,"column":4}}]},"13":{"line":175,"type":"if","locations":[{"start":{"line":175,"column":6},"end":{"line":175,"column":6}},{"start":{"line":175,"column":6},"end":{"line":175,"column":6}}]},"14":{"line":188,"type":"if","locations":[{"start":{"line":188,"column":6},"end":{"line":188,"column":6}},{"start":{"line":188,"column":6},"end":{"line":188,"column":6}}]}}},"/govuk/manuals-frontend/app/assets/javascripts.bak/modules/current_location.js":{"path":"/govuk/manuals-frontend/app/assets/javascripts.bak/modules/current_location.js","s":{"1":1,"2":1,"3":1,"4":27},"b":{"1":[1,0]},"f":{"1":1,"2":27},"fnMap":{"1":{"name":"(anonymous_1)","line":1,"loc":{"start":{"line":1,"column":1},"end":{"line":1,"column":12}}},"2":{"name":"(anonymous_2)","line":5,"loc":{"start":{"line":5,"column":36},"end":{"line":5,"column":46}}}},"statementMap":{"1":{"start":{"line":1,"column":0},"end":{"line":8,"column":5}},"2":{"start":{"line":3,"column":2},"end":{"line":3,"column":36}},"3":{"start":{"line":5,"column":2},"end":{"line":7,"column":4}},"4":{"start":{"line":6,"column":4},"end":{"line":6,"column":27}}},"branchMap":{"1":{"line":3,"type":"binary-expr","locations":[{"start":{"line":3,"column":17},"end":{"line":3,"column":29}},{"start":{"line":3,"column":33},"end":{"line":3,"column":35}}]}}}}
